<?xml version="1.0" encoding="UTF-8"?>
<testng-results ignored="0" total="1" passed="1" failed="0" skipped="0">
  <reporter-output>
  </reporter-output>
  <suite started-at="2023-08-09T20:03:59 BDT" name="Default suite" finished-at="2023-08-09T20:07:02 BDT" duration-ms="182509">
    <groups>
    </groups>
    <test started-at="2023-08-09T20:03:59 BDT" name="Default test" finished-at="2023-08-09T20:07:02 BDT" duration-ms="182509">
      <class name="com.salesCRM.testCases.CloudApperTest">
        <test-method is-config="true" signature="setUp()[pri:0, instance:com.salesCRM.testCases.CloudApperTest@4c402120]" started-at="2023-08-09T20:03:59 BDT" name="setUp" finished-at="2023-08-09T20:04:02 BDT" duration-ms="2461" status="PASS">
          <reporter-output>
          </reporter-output>
        </test-method> <!-- setUp -->
        <test-method signature="runTest()[pri:0, instance:com.salesCRM.testCases.CloudApperTest@4c402120]" started-at="2023-08-09T20:04:02 BDT" name="runTest" finished-at="2023-08-09T20:07:02 BDT" duration-ms="179975" status="PASS">
          <reporter-output>
          </reporter-output>
        </test-method> <!-- runTest -->
        <test-method is-config="true" signature="tearDown()[pri:0, instance:com.salesCRM.testCases.CloudApperTest@4c402120]" started-at="2023-08-09T20:07:02 BDT" name="tearDown" finished-at="2023-08-09T20:07:02 BDT" duration-ms="1" status="PASS">
          <reporter-output>
          </reporter-output>
        </test-method> <!-- tearDown -->
      </class> <!-- com.salesCRM.testCases.CloudApperTest -->
    </test> <!-- Default test -->
  </suite> <!-- Default suite -->
</testng-results>
